<?xml version="1.0" encoding="UTF-8"?>
<!-- Generated by org.testng.reporters.JUnitReportReporter -->
<testsuite skipped="0" hostname="IN5CG63333YF" name="com.Hp.ASBTest.LoginPageTest" tests="1" failures="0" timestamp="04 Oct 2018 04:43:20 GMT" time="66.138" errors="0">
  <testcase name="loginpagetest" time="66.138" classname="com.Hp.ASBTest.LoginPageTest"/>
</testsuite> <!-- com.Hp.ASBTest.LoginPageTest -->
