<?xml version="1.0" encoding="UTF-8"?>
<!-- Generated by org.testng.reporters.JUnitReportReporter -->
<testsuite skipped="0" hostname="IN5CG63333YF" name="com.Hp.ASBTest.BasicTestNg" tests="1" failures="0" timestamp="03 Oct 2018 11:35:02 GMT" time="36.335" errors="0">
  <testcase name="Login" time="36.335" classname="com.Hp.ASBTest.BasicTestNg"/>
</testsuite> <!-- com.Hp.ASBTest.BasicTestNg -->
